info: Microsoft.Hosting.Lifetime[0]
      Application started. Press Ctrl+C to shut down.
info: Microsoft.Hosting.Lifetime[0]
      Hosting environment: Production
info: Microsoft.Hosting.Lifetime[0]
      Content root path: D:\Visual Studio\API-Project\API-Project1\API-Project1\bin\Release\net8.0\publish
warn: Microsoft.AspNetCore.HttpsPolicy.HttpsRedirectionMiddleware[3]
      Failed to determine the https port for redirect.
info: System.Net.Http.HttpClient.Default.LogicalHandler[100]
      Start processing HTTP request POST https://stg-accounts-api.xcyber.vn/management/cyberid/login
info: System.Net.Http.HttpClient.Default.ClientHandler[100]
      Sending HTTP request POST https://stg-accounts-api.xcyber.vn/management/cyberid/login
info: System.Net.Http.HttpClient.Default.ClientHandler[101]
      Received HTTP response headers after 1526.5369ms - 200
info: System.Net.Http.HttpClient.Default.LogicalHandler[101]
      End processing HTTP request after 1539.6441ms - 200
info: System.Net.Http.HttpClient.Default.LogicalHandler[100]
      Start processing HTTP request POST https://stg-accounts-api.xcyber.vn/management/cyberid/login
info: System.Net.Http.HttpClient.Default.ClientHandler[100]
      Sending HTTP request POST https://stg-accounts-api.xcyber.vn/management/cyberid/login
info: System.Net.Http.HttpClient.Default.ClientHandler[101]
      Received HTTP response headers after 646.2833ms - 200
info: System.Net.Http.HttpClient.Default.LogicalHandler[101]
      End processing HTTP request after 646.4652ms - 200
info: System.Net.Http.HttpClient.Default.LogicalHandler[100]
      Start processing HTTP request GET https://dev-billstore.xcyber.vn/api/hddv/nguoidung/get-user-info
info: System.Net.Http.HttpClient.Default.ClientHandler[100]
      Sending HTTP request GET https://dev-billstore.xcyber.vn/api/hddv/nguoidung/get-user-info
info: System.Net.Http.HttpClient.Default.ClientHandler[101]
      Received HTTP response headers after 1683.7518ms - 200
info: System.Net.Http.HttpClient.Default.LogicalHandler[101]
      End processing HTTP request after 1683.9646ms - 200
info: System.Net.Http.HttpClient.Default.LogicalHandler[100]
      Start processing HTTP request POST https://stg-accounts-api.xcyber.vn/management/cyberid/login
info: System.Net.Http.HttpClient.Default.ClientHandler[100]
      Sending HTTP request POST https://stg-accounts-api.xcyber.vn/management/cyberid/login
info: System.Net.Http.HttpClient.Default.ClientHandler[101]
      Received HTTP response headers after 1202.7671ms - 200
info: System.Net.Http.HttpClient.Default.LogicalHandler[101]
      End processing HTTP request after 1202.9226ms - 200
info: System.Net.Http.HttpClient.Default.LogicalHandler[100]
      Start processing HTTP request GET https://dev-billstore.xcyber.vn/api/hddv/nguoidung/get-user-info
info: System.Net.Http.HttpClient.Default.ClientHandler[100]
      Sending HTTP request GET https://dev-billstore.xcyber.vn/api/hddv/nguoidung/get-user-info
info: System.Net.Http.HttpClient.Default.ClientHandler[101]
      Received HTTP response headers after 745.9377ms - 200
info: System.Net.Http.HttpClient.Default.LogicalHandler[101]
      End processing HTTP request after 746.0835ms - 200
info: Microsoft.Hosting.Lifetime[0]
      Application is shutting down...
