info: Microsoft.Hosting.Lifetime[0]
      Application started. Press Ctrl+C to shut down.
info: Microsoft.Hosting.Lifetime[0]
      Hosting environment: Production
info: Microsoft.Hosting.Lifetime[0]
      Content root path: D:\Visual Studio\API-Project\API-Project1\API-Project1\bin\Release\net8.0\publish
warn: Microsoft.AspNetCore.HttpsPolicy.HttpsRedirectionMiddleware[3]
      Failed to determine the https port for redirect.
info: System.Net.Http.HttpClient.Default.LogicalHandler[100]
      Start processing HTTP request POST https://stg-accounts-api.xcyber.vn/management/cyberid/login
info: System.Net.Http.HttpClient.Default.ClientHandler[100]
      Sending HTTP request POST https://stg-accounts-api.xcyber.vn/management/cyberid/login
info: System.Net.Http.HttpClient.Default.ClientHandler[101]
      Received HTTP response headers after 688.4787ms - 200
info: System.Net.Http.HttpClient.Default.LogicalHandler[101]
      End processing HTTP request after 707.4059ms - 200
info: System.Net.Http.HttpClient.Default.LogicalHandler[100]
      Start processing HTTP request POST https://stg-accounts-api.xcyber.vn/management/cyberid/login
info: System.Net.Http.HttpClient.Default.ClientHandler[100]
      Sending HTTP request POST https://stg-accounts-api.xcyber.vn/management/cyberid/login
info: System.Net.Http.HttpClient.Default.ClientHandler[101]
      Received HTTP response headers after 1023.4141ms - 200
info: System.Net.Http.HttpClient.Default.LogicalHandler[101]
      End processing HTTP request after 1023.7208ms - 200
info: System.Net.Http.HttpClient.Default.LogicalHandler[100]
      Start processing HTTP request GET https://dev-billstore.xcyber.vn/api/hddv/nguoidung/get-user-info
info: System.Net.Http.HttpClient.Default.ClientHandler[100]
      Sending HTTP request GET https://dev-billstore.xcyber.vn/api/hddv/nguoidung/get-user-info
info: System.Net.Http.HttpClient.Default.ClientHandler[101]
      Received HTTP response headers after 441.1519ms - 200
info: System.Net.Http.HttpClient.Default.LogicalHandler[101]
      End processing HTTP request after 441.3638ms - 200
info: System.Net.Http.HttpClient.Default.LogicalHandler[100]
      Start processing HTTP request POST https://stg-accounts-api.xcyber.vn/management/cyberid/login
info: System.Net.Http.HttpClient.Default.ClientHandler[100]
      Sending HTTP request POST https://stg-accounts-api.xcyber.vn/management/cyberid/login
info: System.Net.Http.HttpClient.Default.ClientHandler[101]
      Received HTTP response headers after 374.8984ms - 200
info: System.Net.Http.HttpClient.Default.LogicalHandler[101]
      End processing HTTP request after 375.0204ms - 200
info: System.Net.Http.HttpClient.Default.LogicalHandler[100]
      Start processing HTTP request GET https://dev-billstore.xcyber.vn/api/hddv/nguoidung/get-user-info
info: System.Net.Http.HttpClient.Default.ClientHandler[100]
      Sending HTTP request GET https://dev-billstore.xcyber.vn/api/hddv/nguoidung/get-user-info
info: System.Net.Http.HttpClient.Default.ClientHandler[101]
      Received HTTP response headers after 224.2007ms - 200
info: System.Net.Http.HttpClient.Default.LogicalHandler[101]
      End processing HTTP request after 224.4147ms - 200
Fetched: UserMa = 28b91d42-c3ab-400a-b300-6c5b85c37b53, DoanhNghiepMa = 5f71bce1-f4d6-4c56-9388-69925156e0c5
info: System.Net.Http.HttpClient.Default.LogicalHandler[100]
      Start processing HTTP request GET https://dev-billstore.xcyber.vn/api/hddv-hoa-don/get-list?current=1&page=0&pageSize=10&size=10&trangThaiPheDuyet
info: System.Net.Http.HttpClient.Default.ClientHandler[100]
      Sending HTTP request GET https://dev-billstore.xcyber.vn/api/hddv-hoa-don/get-list?current=1&page=0&pageSize=10&size=10&trangThaiPheDuyet
info: System.Net.Http.HttpClient.Default.ClientHandler[101]
      Received HTTP response headers after 705.4368ms - 200
info: System.Net.Http.HttpClient.Default.LogicalHandler[101]
      End processing HTTP request after 705.584ms - 200
Header doanhnghiepma: 5f71bce1-f4d6-4c56-9388-69925156e0c5, userma: 28b91d42-c3ab-400a-b300-6c5b85c37b53
info: Microsoft.Hosting.Lifetime[0]
      Application is shutting down...
